<?xml version="1.0" encoding="UTF-8"?>
<!-- Generated by org.testng.reporters.JUnitReportReporter -->
<testsuite hostname="LP10-8RFSQ93" failures="0" tests="2" name="qa_googleDrive" time="46.819" errors="0" timestamp="22 Jun 2022 11:37:20 GMT">
  <testcase classname="qa_googleDrive" name="qa2Main" time="0.001"/>
  <testcase classname="qa_googleDrive" name="qaMain" time="46.818"/>
</testsuite> <!-- qa_googleDrive -->
